<?xml version="1.0" encoding="UTF-8"?>
<testng-results skipped="0" failed="0" ignored="0" total="1" passed="1">
  <reporter-output>
  </reporter-output>
  <suite name="Default suite" duration-ms="24054" started-at="2018-11-06T11:24:28Z" finished-at="2018-11-06T11:24:52Z">
    <groups>
    </groups>
    <test name="Default test" duration-ms="24054" started-at="2018-11-06T11:24:28Z" finished-at="2018-11-06T11:24:52Z">
      <class name="Training.Selenium.TestClass">
        <test-method status="PASS" signature="homepage()[pri:0, instance:Training.Selenium.TestClass@59fa1d9b]" name="homepage" duration-ms="24025" started-at="2018-11-06T11:24:28Z" finished-at="2018-11-06T11:24:52Z">
          <reporter-output>
          </reporter-output>
        </test-method> <!-- homepage -->
      </class> <!-- Training.Selenium.TestClass -->
    </test> <!-- Default test -->
  </suite> <!-- Default suite -->
</testng-results>
