<?xml version="1.0" encoding="UTF-8"?>
<testng-results skipped="0" failed="0" ignored="0" total="1" passed="1">
  <reporter-output>
  </reporter-output>
  <suite name="Default suite" duration-ms="8403" started-at="2018-11-06T09:33:28Z" finished-at="2018-11-06T09:33:36Z">
    <groups>
    </groups>
    <test name="Default test" duration-ms="8403" started-at="2018-11-06T09:33:28Z" finished-at="2018-11-06T09:33:36Z">
      <class name="Training.Selenium.HomePage">
        <test-method status="PASS" signature="homepage()[pri:0, instance:Training.Selenium.HomePage@59fa1d9b]" name="homepage" duration-ms="8377" started-at="2018-11-06T09:33:28Z" finished-at="2018-11-06T09:33:36Z">
          <reporter-output>
          </reporter-output>
        </test-method> <!-- homepage -->
      </class> <!-- Training.Selenium.HomePage -->
    </test> <!-- Default test -->
  </suite> <!-- Default suite -->
</testng-results>
